<?xml version="1.0" encoding="UTF-8"?>
<testng-results ignored="0" total="2" passed="2" failed="0" skipped="0">
  <reporter-output>
  </reporter-output>
  <suite started-at="2026-03-26T14:52:22 IST" name="Master Suite" finished-at="2026-03-26T15:02:34 IST" duration-ms="612053">
    <groups>
      <group name="Master">
        <method signature="TC_001_AccountRegestrationTest.Verify_Account_Regestration()[pri:0, instance:testCases.TC_001_AccountRegestrationTest@31190526]" name="Verify_Account_Regestration" class="testCases.TC_001_AccountRegestrationTest"/>
        <method signature="TC_002_LoginTest.Verify_Login_Test()[pri:0, instance:testCases.TC_002_LoginTest@f5958c9]" name="Verify_Login_Test" class="testCases.TC_002_LoginTest"/>
      </group> <!-- Master -->
      <group name="Sanity">
        <method signature="TC_002_LoginTest.Verify_Login_Test()[pri:0, instance:testCases.TC_002_LoginTest@f5958c9]" name="Verify_Login_Test" class="testCases.TC_002_LoginTest"/>
      </group> <!-- Sanity -->
      <group name="Regression">
        <method signature="TC_001_AccountRegestrationTest.Verify_Account_Regestration()[pri:0, instance:testCases.TC_001_AccountRegestrationTest@31190526]" name="Verify_Account_Regestration" class="testCases.TC_001_AccountRegestrationTest"/>
      </group> <!-- Regression -->
    </groups>
    <test started-at="2026-03-26T14:52:22 IST" name="Test" finished-at="2026-03-26T15:02:34 IST" duration-ms="612053">
      <class name="testCases.TC_002_LoginTest">
        <test-method is-config="true" signature="setup(java.lang.String,java.lang.String)[pri:0, instance:testCases.TC_002_LoginTest@f5958c9]" started-at="2026-03-26T14:59:54 IST" name="setup" finished-at="2026-03-26T15:02:30 IST" duration-ms="156410" status="PASS">
          <params>
            <param index="0">
              <value>
                <![CDATA[Windows]]>
              </value>
            </param>
            <param index="1">
              <value>
                <![CDATA[chrome]]>
              </value>
            </param>
          </params>
          <reporter-output>
          </reporter-output>
        </test-method> <!-- setup -->
        <test-method signature="Verify_Login_Test()[pri:0, instance:testCases.TC_002_LoginTest@f5958c9]" started-at="2026-03-26T15:02:30 IST" name="Verify_Login_Test" finished-at="2026-03-26T15:02:34 IST" duration-ms="3272" status="PASS">
          <reporter-output>
          </reporter-output>
        </test-method> <!-- Verify_Login_Test -->
        <test-method is-config="true" signature="tearDown()[pri:0, instance:testCases.TC_002_LoginTest@f5958c9]" started-at="2026-03-26T15:02:34 IST" name="tearDown" finished-at="2026-03-26T15:02:34 IST" duration-ms="184" status="PASS">
          <reporter-output>
          </reporter-output>
        </test-method> <!-- tearDown -->
      </class> <!-- testCases.TC_002_LoginTest -->
      <class name="testCases.TC_001_AccountRegestrationTest">
        <test-method is-config="true" signature="setup(java.lang.String,java.lang.String)[pri:0, instance:testCases.TC_001_AccountRegestrationTest@31190526]" started-at="2026-03-26T14:52:22 IST" name="setup" finished-at="2026-03-26T14:58:48 IST" duration-ms="385813" status="PASS">
          <params>
            <param index="0">
              <value>
                <![CDATA[Windows]]>
              </value>
            </param>
            <param index="1">
              <value>
                <![CDATA[chrome]]>
              </value>
            </param>
          </params>
          <reporter-output>
          </reporter-output>
        </test-method> <!-- setup -->
        <test-method signature="Verify_Account_Regestration()[pri:0, instance:testCases.TC_001_AccountRegestrationTest@31190526]" started-at="2026-03-26T14:58:48 IST" name="Verify_Account_Regestration" finished-at="2026-03-26T14:59:54 IST" duration-ms="65663" status="PASS">
          <reporter-output>
          </reporter-output>
        </test-method> <!-- Verify_Account_Regestration -->
        <test-method is-config="true" signature="tearDown()[pri:0, instance:testCases.TC_001_AccountRegestrationTest@31190526]" started-at="2026-03-26T14:59:54 IST" name="tearDown" finished-at="2026-03-26T14:59:54 IST" duration-ms="382" status="PASS">
          <reporter-output>
          </reporter-output>
        </test-method> <!-- tearDown -->
      </class> <!-- testCases.TC_001_AccountRegestrationTest -->
    </test> <!-- Test -->
  </suite> <!-- Master Suite -->
</testng-results>
