<?xml version="1.0" encoding="UTF-8"?>
<!-- Generated by org.testng.reporters.JUnitReportReporter -->
<testsuite hostname="MADHAVI" failures="0" tests="5" name="testCases.TC_003_LoginDataDrivenTest" time="62.498" errors="0" timestamp="2026-02-20T21:08:00 IST" skipped="0">
  <testcase classname="testCases.TC_003_LoginDataDrivenTest" name="Verify_LoginDDT_Test" time="4.453"/>
  <testcase classname="testCases.TC_003_LoginDataDrivenTest" name="Verify_LoginDDT_Test" time="18.273"/>
  <testcase classname="testCases.TC_003_LoginDataDrivenTest" name="Verify_LoginDDT_Test" time="3.728"/>
  <testcase classname="testCases.TC_003_LoginDataDrivenTest" name="Verify_LoginDDT_Test" time="17.767"/>
  <testcase classname="testCases.TC_003_LoginDataDrivenTest" name="Verify_LoginDDT_Test" time="18.277"/>
</testsuite> <!-- testCases.TC_003_LoginDataDrivenTest -->
